<?xml version="1.0" encoding="UTF-8"?>
<!-- Generated by org.testng.reporters.JUnitReportReporter -->
<testsuite skipped="0" hostname="Rohit" name="basicAnotation.TestNGclass1" tests="11" failures="0" timestamp="26 Aug 2019 14:13:23 GMT" time="0.028" errors="0">
  <testcase name="loginTestCase" time="0.003" classname="basicAnotation.TestNGclass1"/>
  <testcase name="loginTestCase" time="0.010" classname="basicAnotation.TestNGclass1"/>
  <testcase name="loginTestCase" time="0.002" classname="basicAnotation.TestNGclass1"/>
  <testcase name="loginTestCase" time="0.002" classname="basicAnotation.TestNGclass1"/>
  <testcase name="loginTestCase" time="0.001" classname="basicAnotation.TestNGclass1"/>
  <testcase name="loginTestCase" time="0.001" classname="basicAnotation.TestNGclass1"/>
  <testcase name="loginTestCase" time="0.001" classname="basicAnotation.TestNGclass1"/>
  <testcase name="loginTestCase" time="0.002" classname="basicAnotation.TestNGclass1"/>
  <testcase name="loginTestCase" time="0.002" classname="basicAnotation.TestNGclass1"/>
  <testcase name="loginTestCase" time="0.001" classname="basicAnotation.TestNGclass1"/>
  <testcase name="loginTestCase" time="0.003" classname="basicAnotation.TestNGclass1"/>
</testsuite> <!-- basicAnotation.TestNGclass1 -->
