<?xml version="1.0" encoding="UTF-8"?>
<!-- Generated by org.testng.reporters.JUnitReportReporter -->
<testsuite skipped="0" hostname="Rohit" name="basicAnotation.TestNGclass1" tests="11" failures="0" timestamp="23 Aug 2019 16:11:06 GMT" time="0.063" errors="0">
  <testcase name="loginTestCase" time="0.000" classname="basicAnotation.TestNGclass1"/>
  <testcase name="loginTestCase" time="0.016" classname="basicAnotation.TestNGclass1"/>
  <testcase name="loginTestCase" time="0.000" classname="basicAnotation.TestNGclass1"/>
  <testcase name="loginTestCase" time="0.001" classname="basicAnotation.TestNGclass1"/>
  <testcase name="loginTestCase" time="0.000" classname="basicAnotation.TestNGclass1"/>
  <testcase name="loginTestCase" time="0.000" classname="basicAnotation.TestNGclass1"/>
  <testcase name="loginTestCase" time="0.016" classname="basicAnotation.TestNGclass1"/>
  <testcase name="loginTestCase" time="0.015" classname="basicAnotation.TestNGclass1"/>
  <testcase name="loginTestCase" time="0.000" classname="basicAnotation.TestNGclass1"/>
  <testcase name="loginTestCase" time="0.015" classname="basicAnotation.TestNGclass1"/>
  <testcase name="loginTestCase" time="0.000" classname="basicAnotation.TestNGclass1"/>
</testsuite> <!-- basicAnotation.TestNGclass1 -->
