<?xml version="1.0" encoding="UTF-8"?>
<!-- Generated by org.testng.reporters.JUnitReportReporter -->
<testsuite skipped="2" hostname="Rohit" name="BasicAnnotations2.TestClass1" tests="2" failures="0" timestamp="26 Aug 2019 14:33:07 GMT" time="0.000" errors="0">
  <testcase name="test3" time="0.000" classname="BasicAnnotations2.TestClass1">
    <skipped/>
  </testcase> <!-- test3 -->
  <testcase name="test2" time="0.000" classname="BasicAnnotations2.TestClass1">
    <skipped/>
  </testcase> <!-- test2 -->
</testsuite> <!-- BasicAnnotations2.TestClass1 -->
