<?xml version="1.0" encoding="UTF-8"?>
<!-- Generated by org.testng.reporters.JUnitReportReporter -->
<testsuite skipped="0" hostname="Rohit" name="BasicAnnotations2.TestClass2" tests="3" failures="0" timestamp="26 Aug 2019 14:39:20 GMT" time="0.016" errors="0">
  <testcase name="test2" time="0.000" classname="BasicAnnotations2.TestClass2"/>
  <testcase name="test3" time="0.000" classname="BasicAnnotations2.TestClass2"/>
  <testcase name="test1" time="0.016" classname="BasicAnnotations2.TestClass2"/>
</testsuite> <!-- BasicAnnotations2.TestClass2 -->
