<?xml version="1.0" encoding="UTF-8"?>
<!-- Generated by org.testng.reporters.JUnitReportReporter -->
<testsuite skipped="0" hostname="Rohit" name="BasicSelenium.FirstSeleniumClass" tests="1" failures="0" timestamp="28 Aug 2019 15:59:15 GMT" time="66.574" errors="0">
  <testcase name="login" time="66.574" classname="BasicSelenium.FirstSeleniumClass"/>
</testsuite> <!-- BasicSelenium.FirstSeleniumClass -->
