<?xml version="1.0" encoding="UTF-8"?>
<!-- Generated by org.testng.reporters.JUnitReportReporter -->
<testsuite skipped="0" hostname="Rohit" name="Assignment_Practice.Psngr1_round" tests="1" failures="0" timestamp="3 Sep 2019 14:58:29 GMT" time="139.315" errors="0">
  <testcase name="bookAflight" time="139.315" classname="Assignment_Practice.Psngr1_round"/>
</testsuite> <!-- Assignment_Practice.Psngr1_round -->
