<?xml version="1.0" encoding="UTF-8"?>
<!-- Generated by org.testng.reporters.JUnitReportReporter -->
<testsuite skipped="0" hostname="Rohit" name="Assignment_Practice.Psngr4_round" tests="1" failures="0" timestamp="3 Sep 2019 14:58:29 GMT" time="76.133" errors="0">
  <testcase name="bookAflight" time="76.133" classname="Assignment_Practice.Psngr4_round"/>
</testsuite> <!-- Assignment_Practice.Psngr4_round -->
