<?xml version="1.0" encoding="UTF-8"?>
<!-- Generated by org.testng.reporters.JUnitReportReporter -->
<testsuite skipped="0" hostname="Rohit" name="Assignment_Practice.Psngr2_oneway" tests="1" failures="0" timestamp="3 Sep 2019 14:58:29 GMT" time="51.709" errors="0">
  <testcase name="bookAflight" time="51.709" classname="Assignment_Practice.Psngr2_oneway"/>
</testsuite> <!-- Assignment_Practice.Psngr2_oneway -->
