<?xml version="1.0" encoding="UTF-8"?>
<!-- Generated by org.testng.reporters.JUnitReportReporter -->
<testsuite skipped="0" hostname="Rohit" name="Assignment_Practice.Resistration" tests="1" failures="0" timestamp="3 Sep 2019 14:44:30 GMT" time="73.998" errors="0">
  <testcase name="registration_new" time="73.998" classname="Assignment_Practice.Resistration"/>
</testsuite> <!-- Assignment_Practice.Resistration -->
