<?xml version="1.0" encoding="UTF-8"?>
<!-- Generated by org.testng.reporters.JUnitReportReporter -->
<testsuite skipped="0" hostname="Rohit" name="BasicSelenium.TestClass2" tests="1" failures="0" timestamp="29 Aug 2019 15:51:31 GMT" time="99.311" errors="0">
  <testcase name="bookAflight" time="99.311" classname="BasicSelenium.TestClass2"/>
</testsuite> <!-- BasicSelenium.TestClass2 -->
