<?xml version="1.0" encoding="UTF-8"?>
<!-- Generated by org.testng.reporters.JUnitReportReporter -->
<testsuite skipped="0" hostname="Rohit" name="BasicSelenium.TestClass2" tests="1" failures="0" timestamp="31 Aug 2019 17:37:48 GMT" time="79.057" errors="0">
  <testcase name="bookAflight" time="79.057" classname="BasicSelenium.TestClass2"/>
</testsuite> <!-- BasicSelenium.TestClass2 -->
