<?xml version="1.0" encoding="UTF-8"?>
<!-- Generated by org.testng.reporters.JUnitReportReporter -->
<testsuite skipped="0" hostname="Rohit" name="BasicSelenium.Flipkart1" tests="1" failures="0" timestamp="5 Sep 2019 15:30:52 GMT" time="14.117" errors="0">
  <testcase name="test1" time="14.117" classname="BasicSelenium.Flipkart1"/>
</testsuite> <!-- BasicSelenium.Flipkart1 -->
