<?xml version="1.0" encoding="UTF-8"?>
<!-- Generated by org.testng.reporters.JUnitReportReporter -->
<testsuite skipped="0" hostname="Rohit" name="BasicSelenium.FirstSeleniumClass" tests="2" failures="0" timestamp="29 Aug 2019 14:31:08 GMT" time="71.337" errors="0">
  <testcase name="login" time="69.676" classname="BasicSelenium.FirstSeleniumClass"/>
  <testcase name="logout" time="1.661" classname="BasicSelenium.FirstSeleniumClass"/>
</testsuite> <!-- BasicSelenium.FirstSeleniumClass -->
