<?xml version="1.0" encoding="UTF-8"?>
<!-- Generated by org.testng.reporters.JUnitReportReporter -->
<testsuite skipped="0" hostname="Rohit" name="testScripts.TC_BookFlight_OnewayPassenger" tests="1" failures="0" timestamp="9 Sep 2019 16:11:02 GMT" time="14.349" errors="0">
  <testcase name="script" time="14.349" classname="testScripts.TC_BookFlight_OnewayPassenger"/>
</testsuite> <!-- testScripts.TC_BookFlight_OnewayPassenger -->
