<?xml version="1.0" encoding="UTF-8"?>
<!-- Generated by org.testng.reporters.JUnitReportReporter -->
<testsuite skipped="0" hostname="Rohit" name="testScripts.TC_BookFlight_OnewayPassenger" tests="2" failures="0" timestamp="11 Sep 2019 14:05:01 GMT" time="144.689" errors="0">
  <testcase name="bookAflight" time="1.409" classname="testScripts.TC_BookFlight_OnewayPassenger"/>
  <testcase name="login" time="143.280" classname="testScripts.TC_BookFlight_OnewayPassenger"/>
</testsuite> <!-- testScripts.TC_BookFlight_OnewayPassenger -->
