<?xml version="1.0" encoding="UTF-8"?>
<!-- Generated by org.testng.reporters.JUnitReportReporter -->
<testsuite skipped="0" hostname="Rohit" name="BasicSelenium.Firstseleniumcls" tests="8" failures="0" timestamp="3 Sep 2019 16:05:38 GMT" time="92.471" errors="0">
  <testcase name="login" time="11.429" classname="BasicSelenium.Firstseleniumcls"/>
  <testcase name="login" time="11.357" classname="BasicSelenium.Firstseleniumcls"/>
  <testcase name="login" time="12.530" classname="BasicSelenium.Firstseleniumcls"/>
  <testcase name="login" time="11.331" classname="BasicSelenium.Firstseleniumcls"/>
  <testcase name="login" time="11.307" classname="BasicSelenium.Firstseleniumcls"/>
  <testcase name="login" time="11.350" classname="BasicSelenium.Firstseleniumcls"/>
  <testcase name="login" time="11.533" classname="BasicSelenium.Firstseleniumcls"/>
  <testcase name="login" time="11.634" classname="BasicSelenium.Firstseleniumcls"/>
</testsuite> <!-- BasicSelenium.Firstseleniumcls -->
